{"/home/yanturuit/Desktop/TESTING/test/src/components/Username/Username.tsx": {"path":"/home/yanturuit/Desktop/TESTING/test/src/components/Username/Username.tsx","statementMap":{"0":{"start":{"line":3,"column":17},"end":{"line":10,"column":1}},"1":{"start":{"line":5,"column":2},"end":{"line":9,"column":null}},"2":{"start":{"line":12,"column":0},"end":{"line":12,"column":null}}},"fnMap":{"0":{"name":"(anonymous_0)","decl":{"start":{"line":3,"column":17},"end":{"line":3,"column":18}},"loc":{"start":{"line":3,"column":45},"end":{"line":10,"column":1}}}},"branchMap":{"0":{"loc":{"start":{"line":7,"column":18},"end":{"line":7,"column":61}},"type":"cond-expr","locations":[{"start":{"line":7,"column":35},"end":{"line":7,"column":56}},{"start":{"line":7,"column":59},"end":{"line":7,"column":61}}]}},"s":{"0":2,"1":6,"2":2},"f":{"0":6},"b":{"0":[3,3]}}
,"/home/yanturuit/Desktop/TESTING/test/src/components/greet/Greet/Greet.tsx": {"path":"/home/yanturuit/Desktop/TESTING/test/src/components/greet/Greet/Greet.tsx","statementMap":{"0":{"start":{"line":1,"column":14},"end":{"line":6,"column":1}},"1":{"start":{"line":3,"column":2},"end":{"line":5,"column":null}},"2":{"start":{"line":8,"column":0},"end":{"line":8,"column":null}}},"fnMap":{"0":{"name":"(anonymous_0)","decl":{"start":{"line":1,"column":14},"end":{"line":1,"column":17}},"loc":{"start":{"line":1,"column":19},"end":{"line":6,"column":1}}}},"branchMap":{},"s":{"0":1,"1":1,"2":1},"f":{"0":1},"b":{}}
}
